[36mINFO[0m[2024-08-17T14:19:50+03:00]app.go:40 main.start() The server is running on port :8081          
[36mINFO[0m[2024-08-17T14:26:19+03:00]app.go:40 main.start() The server is running on port :8081          
[36mINFO[0m[2024-08-17T14:28:52+03:00]app.go:40 main.start() The server is running on port :8081          
[36mINFO[0m[2024-08-17T14:31:20+03:00]app.go:40 main.start() The server is running on port :8081          
[36mINFO[0m[2024-08-17T14:32:48+03:00]app.go:40 main.start() The server is running on port :8081          
[36mINFO[0m[2024-08-17T14:39:03+03:00]app.go:40 main.start() The server is running on port :8081          
[36mINFO[0m[2024-08-17T14:40:53+03:00]app.go:40 main.start() The server is running on port :8081          
[36mINFO[0m[2024-08-17T14:41:55+03:00]app.go:40 main.start() The server is running on port :8081          
[36mINFO[0m[2024-08-17T14:43:02+03:00]app.go:40 main.start() The server is running on port :8081          
[36mINFO[0m[2024-08-17T14:44:26+03:00]app.go:40 main.start() The server is running on port :8081          
[36mINFO[0m[2024-08-17T15:53:19+03:00]app.go:44 main.start() The server is running on port :8081          
[36mINFO[0m[2024-08-17T15:54:32+03:00]app.go:44 main.start() The server is running on port :8081          
[36mINFO[0m[2024-08-17T16:03:38+03:00]app.go:78 main.start() The server is running on port :8081          
[36mINFO[0m[2024-08-17T16:04:16+03:00]app.go:79 main.start() The server is running on port :8081          
[36mINFO[0m[2024-08-17T16:17:47+03:00]app.go:44 main.start() The server is running on port :8081          
[36mINFO[0m[2024-08-17T20:14:43+03:00]app.go:44 main.start() The server is running on port :8081          
[36mINFO[0m[2024-08-17T22:01:12+03:00]app.go:48 main.start() The server is running on port :8081          
[36mINFO[0m[2024-08-17T22:01:39+03:00]register.go:31 github.com/Igrok95Ronin/todolist.drpetproject.ru-golang.git/internal/routes.(*handler).Register.(*handler).Register.func1.func2() DB added to context                          
[36mINFO[0m[2024-08-17T22:01:59+03:00]register.go:31 github.com/Igrok95Ronin/todolist.drpetproject.ru-golang.git/internal/routes.(*handler).Register.(*handler).Register.func1.func2() DB added to context                          
[36mINFO[0m[2024-08-17T22:02:04+03:00]register.go:31 github.com/Igrok95Ronin/todolist.drpetproject.ru-golang.git/internal/routes.(*handler).Register.(*handler).Register.func1.func2() DB added to context                          
[36mINFO[0m[2024-08-17T22:09:01+03:00]app.go:48 main.start() The server is running on port :8081          
[36mINFO[0m[2024-08-17T22:09:07+03:00]register.go:33 github.com/Igrok95Ronin/todolist.drpetproject.ru-golang.git/internal/routes.(*handler).Register.(*handler).Register.func1.func2() DB added to context                          
[36mINFO[0m[2024-08-17T22:12:03+03:00]app.go:48 main.start() The server is running on port :8081          
[36mINFO[0m[2024-08-17T22:12:08+03:00]register.go:35 github.com/Igrok95Ronin/todolist.drpetproject.ru-golang.git/internal/routes.(*handler).Register.(*handler).Register.func1.func2() DB added to context                          
[36mINFO[0m[2024-08-17T22:14:01+03:00]app.go:48 main.start() The server is running on port :8081          
[36mINFO[0m[2024-08-17T22:14:03+03:00]register.go:33 github.com/Igrok95Ronin/todolist.drpetproject.ru-golang.git/internal/routes.(*handler).Register.(*handler).Register.func1.func2() DB added to context                          
[36mINFO[0m[2024-08-18T14:40:33+03:00]app.go:48 main.start() The server is running on port :8081          
[36mINFO[0m[2024-08-18T15:27:47+03:00]app.go:48 main.start() The server is running on port :8081          
[36mINFO[0m[2024-08-18T15:28:47+03:00]register.go:33 github.com/Igrok95Ronin/todolist.drpetproject.ru-golang.git/internal/routes.(*handler).Register.(*handler).Register.func1.func2() DB added to context                          
[31mERRO[0m[2024-08-18T15:29:06+03:00]registeruser.go:46 github.com/Igrok95Ronin/todolist.drpetproject.ru-golang.git/internal/routes.(*handler).RegisterUser() Username alredy exists : UNIQUE constraint failed: users.username 
[36mINFO[0m[2024-08-18T15:29:06+03:00]register.go:33 github.com/Igrok95Ronin/todolist.drpetproject.ru-golang.git/internal/routes.(*handler).Register.(*handler).Register.func1.func2() DB added to context                          
[31mERRO[0m[2024-08-18T15:29:12+03:00]registeruser.go:46 github.com/Igrok95Ronin/todolist.drpetproject.ru-golang.git/internal/routes.(*handler).RegisterUser() Username alredy exists : UNIQUE constraint failed: users.username 
[36mINFO[0m[2024-08-18T15:29:12+03:00]register.go:33 github.com/Igrok95Ronin/todolist.drpetproject.ru-golang.git/internal/routes.(*handler).Register.(*handler).Register.func1.func2() DB added to context                          
[31mERRO[0m[2024-08-18T15:29:25+03:00]registeruser.go:46 github.com/Igrok95Ronin/todolist.drpetproject.ru-golang.git/internal/routes.(*handler).RegisterUser() Username alredy exists : UNIQUE constraint failed: users.username 
[36mINFO[0m[2024-08-18T15:29:25+03:00]register.go:33 github.com/Igrok95Ronin/todolist.drpetproject.ru-golang.git/internal/routes.(*handler).Register.(*handler).Register.func1.func2() DB added to context                          
[31mERRO[0m[2024-08-18T15:29:31+03:00]registeruser.go:46 github.com/Igrok95Ronin/todolist.drpetproject.ru-golang.git/internal/routes.(*handler).RegisterUser() Username alredy exists : UNIQUE constraint failed: users.username 
[36mINFO[0m[2024-08-18T15:29:31+03:00]register.go:33 github.com/Igrok95Ronin/todolist.drpetproject.ru-golang.git/internal/routes.(*handler).Register.(*handler).Register.func1.func2() DB added to context                          
[31mERRO[0m[2024-08-18T15:30:04+03:00]registeruser.go:46 github.com/Igrok95Ronin/todolist.drpetproject.ru-golang.git/internal/routes.(*handler).RegisterUser() Username alredy exists : UNIQUE constraint failed: users.username 
[36mINFO[0m[2024-08-18T15:30:04+03:00]register.go:33 github.com/Igrok95Ronin/todolist.drpetproject.ru-golang.git/internal/routes.(*handler).Register.(*handler).Register.func1.func2() DB added to context                          
[36mINFO[0m[2024-08-18T15:34:00+03:00]app.go:48 main.start() The server is running on port :8081          
[36mINFO[0m[2024-08-18T15:34:19+03:00]app.go:48 main.start() The server is running on port :8081          
[36mINFO[0m[2024-08-18T15:34:25+03:00]register.go:33 github.com/Igrok95Ronin/todolist.drpetproject.ru-golang.git/internal/routes.(*handler).Register.(*handler).Register.func1.func2() DB added to context                          
[36mINFO[0m[2024-08-18T15:35:35+03:00]app.go:48 main.start() The server is running on port :8081          
[36mINFO[0m[2024-08-18T15:35:38+03:00]register.go:33 github.com/Igrok95Ronin/todolist.drpetproject.ru-golang.git/internal/routes.(*handler).Register.(*handler).Register.func1.func2() DB added to context                          
[31mERRO[0m[2024-08-18T15:36:00+03:00]registeruser.go:47 github.com/Igrok95Ronin/todolist.drpetproject.ru-golang.git/internal/routes.(*handler).RegisterUser() Username alredy exists : UNIQUE constraint failed: users.username 
[36mINFO[0m[2024-08-18T15:36:00+03:00]register.go:33 github.com/Igrok95Ronin/todolist.drpetproject.ru-golang.git/internal/routes.(*handler).Register.(*handler).Register.func1.func2() DB added to context                          
[36mINFO[0m[2024-08-18T15:37:15+03:00]app.go:48 main.start() The server is running on port :8081          
[36mINFO[0m[2024-08-18T15:37:18+03:00]register.go:33 github.com/Igrok95Ronin/todolist.drpetproject.ru-golang.git/internal/routes.(*handler).Register.(*handler).Register.func1.func2() DB added to context                          
[31mERRO[0m[2024-08-18T15:37:48+03:00]registeruser.go:47 github.com/Igrok95Ronin/todolist.drpetproject.ru-golang.git/internal/routes.(*handler).RegisterUser() Username alredy exists : UNIQUE constraint failed: users.username 
[36mINFO[0m[2024-08-18T15:37:48+03:00]register.go:33 github.com/Igrok95Ronin/todolist.drpetproject.ru-golang.git/internal/routes.(*handler).Register.(*handler).Register.func1.func2() DB added to context                          
[36mINFO[0m[2024-08-18T15:39:18+03:00]app.go:48 main.start() The server is running on port :8081          
[31mERRO[0m[2024-08-18T15:39:19+03:00]registeruser.go:47 github.com/Igrok95Ronin/todolist.drpetproject.ru-golang.git/internal/routes.(*handler).RegisterUser() Username alredy exists : UNIQUE constraint failed: users.username 
[36mINFO[0m[2024-08-18T15:39:19+03:00]register.go:33 github.com/Igrok95Ronin/todolist.drpetproject.ru-golang.git/internal/routes.(*handler).Register.(*handler).Register.func1.func2() DB added to context                          
[31mERRO[0m[2024-08-18T15:39:32+03:00]registeruser.go:47 github.com/Igrok95Ronin/todolist.drpetproject.ru-golang.git/internal/routes.(*handler).RegisterUser() Username alredy exists : UNIQUE constraint failed: users.username 
[36mINFO[0m[2024-08-18T15:39:32+03:00]register.go:33 github.com/Igrok95Ronin/todolist.drpetproject.ru-golang.git/internal/routes.(*handler).Register.(*handler).Register.func1.func2() DB added to context                          
[36mINFO[0m[2024-08-18T15:39:43+03:00]app.go:48 main.start() The server is running on port :8081          
[36mINFO[0m[2024-08-18T15:39:45+03:00]register.go:33 github.com/Igrok95Ronin/todolist.drpetproject.ru-golang.git/internal/routes.(*handler).Register.(*handler).Register.func1.func2() DB added to context                          
[36mINFO[0m[2024-08-18T15:44:57+03:00]app.go:48 main.start() The server is running on port :8081          
[36mINFO[0m[2024-08-18T15:45:01+03:00]register.go:33 github.com/Igrok95Ronin/todolist.drpetproject.ru-golang.git/internal/routes.(*handler).Register.(*handler).Register.func1.func2() DB added to context                          
[36mINFO[0m[2024-08-18T15:45:07+03:00]register.go:33 github.com/Igrok95Ronin/todolist.drpetproject.ru-golang.git/internal/routes.(*handler).Register.(*handler).Register.func1.func2() DB added to context                          
[36mINFO[0m[2024-08-18T15:47:10+03:00]app.go:48 main.start() The server is running on port :8081          
[36mINFO[0m[2024-08-18T15:47:37+03:00]app.go:48 main.start() The server is running on port :8081          
[36mINFO[0m[2024-08-18T15:47:39+03:00]register.go:33 github.com/Igrok95Ronin/todolist.drpetproject.ru-golang.git/internal/routes.(*handler).Register.(*handler).Register.func1.func2() DB added to context                          
[36mINFO[0m[2024-08-18T15:48:35+03:00]app.go:48 main.start() The server is running on port :8081          
[36mINFO[0m[2024-08-18T15:48:37+03:00]register.go:33 github.com/Igrok95Ronin/todolist.drpetproject.ru-golang.git/internal/routes.(*handler).Register.(*handler).Register.func1.func2() DB added to context                          
[31mERRO[0m[2024-08-18T15:48:51+03:00]registeruser.go:47 github.com/Igrok95Ronin/todolist.drpetproject.ru-golang.git/internal/routes.(*handler).RegisterUser() Username alredy exists : UNIQUE constraint failed: users.username 
[36mINFO[0m[2024-08-18T15:48:51+03:00]register.go:33 github.com/Igrok95Ronin/todolist.drpetproject.ru-golang.git/internal/routes.(*handler).Register.(*handler).Register.func1.func2() DB added to context                          
[36mINFO[0m[2024-08-18T15:55:26+03:00]register.go:33 github.com/Igrok95Ronin/todolist.drpetproject.ru-golang.git/internal/routes.(*handler).Register.(*handler).Register.func1.func2() DB added to context                          
[31mERRO[0m[2024-08-18T15:55:32+03:00]registeruser.go:47 github.com/Igrok95Ronin/todolist.drpetproject.ru-golang.git/internal/routes.(*handler).RegisterUser() Username alredy exists : UNIQUE constraint failed: users.username 
[36mINFO[0m[2024-08-18T15:55:32+03:00]register.go:33 github.com/Igrok95Ronin/todolist.drpetproject.ru-golang.git/internal/routes.(*handler).Register.(*handler).Register.func1.func2() DB added to context                          
[36mINFO[0m[2024-08-18T15:55:36+03:00]register.go:33 github.com/Igrok95Ronin/todolist.drpetproject.ru-golang.git/internal/routes.(*handler).Register.(*handler).Register.func1.func2() DB added to context                          
[36mINFO[0m[2024-08-18T15:57:08+03:00]app.go:48 main.start() The server is running on port :8081          
[36mINFO[0m[2024-08-18T15:57:13+03:00]register.go:33 github.com/Igrok95Ronin/todolist.drpetproject.ru-golang.git/internal/routes.(*handler).Register.(*handler).Register.func1.func2() DB added to context                          
[36mINFO[0m[2024-08-18T15:58:34+03:00]app.go:48 main.start() The server is running on port :8081          
[36mINFO[0m[2024-08-18T15:58:39+03:00]register.go:33 github.com/Igrok95Ronin/todolist.drpetproject.ru-golang.git/internal/routes.(*handler).Register.(*handler).Register.func1.func2() DB added to context                          
[36mINFO[0m[2024-08-18T15:58:55+03:00]app.go:48 main.start() The server is running on port :8081          
[36mINFO[0m[2024-08-18T15:58:57+03:00]register.go:33 github.com/Igrok95Ronin/todolist.drpetproject.ru-golang.git/internal/routes.(*handler).Register.(*handler).Register.func1.func2() DB added to context                          
[36mINFO[0m[2024-08-18T16:00:09+03:00]app.go:48 main.start() The server is running on port :8081          
[36mINFO[0m[2024-08-18T16:00:13+03:00]register.go:33 github.com/Igrok95Ronin/todolist.drpetproject.ru-golang.git/internal/routes.(*handler).Register.(*handler).Register.func1.func2() DB added to context                          
[36mINFO[0m[2024-08-18T17:01:34+03:00]app.go:48 main.start() The server is running on port :8081          
[36mINFO[0m[2024-08-18T17:01:37+03:00]register.go:33 github.com/Igrok95Ronin/todolist.drpetproject.ru-golang.git/internal/routes.(*handler).Register.(*handler).Register.func1.func2() DB added to context                          
[36mINFO[0m[2024-08-18T17:30:12+03:00]app.go:48 main.start() The server is running on port :8081          
[36mINFO[0m[2024-08-18T17:30:23+03:00]app.go:48 main.start() The server is running on port :8081          
[31mERRO[0m[2024-08-18T17:30:37+03:00]login.go:44 github.com/Igrok95Ronin/todolist.drpetproject.ru-golang.git/internal/routes.(*handler).login() Invalid username: record not found           
[36mINFO[0m[2024-08-18T17:30:37+03:00]register.go:33 github.com/Igrok95Ronin/todolist.drpetproject.ru-golang.git/internal/routes.(*handler).Register.(*handler).Register.func1.func3() DB added to context                          
[36mINFO[0m[2024-08-18T17:31:10+03:00]app.go:48 main.start() The server is running on port :8081          
[31mERRO[0m[2024-08-18T17:31:13+03:00]login.go:44 github.com/Igrok95Ronin/todolist.drpetproject.ru-golang.git/internal/routes.(*handler).login() Invalid username: record not found           
[31mERRO[0m[2024-08-18T17:34:47+03:00]login.go:44 github.com/Igrok95Ronin/todolist.drpetproject.ru-golang.git/internal/routes.(*handler).login() Invalid username: record not found           
[31mERRO[0m[2024-08-18T17:35:57+03:00]login.go:34 github.com/Igrok95Ronin/todolist.drpetproject.ru-golang.git/internal/routes.(*handler).login() Failed authorizations: EOF                   
[31mERRO[0m[2024-08-18T17:36:36+03:00]login.go:44 github.com/Igrok95Ronin/todolist.drpetproject.ru-golang.git/internal/routes.(*handler).login() Invalid username: record not found           
[31mERRO[0m[2024-08-18T17:37:07+03:00]login.go:51 github.com/Igrok95Ronin/todolist.drpetproject.ru-golang.git/internal/routes.(*handler).login() Invalid password: crypto/bcrypt: hashedPassword is not the hash of the given password 
[36mINFO[0m[2024-08-18T18:32:25+03:00]app.go:48 main.start() The server is running on port :8081          
[36mINFO[0m[2024-08-18T18:46:09+03:00]app.go:48 main.start() The server is running on port :8081          
[31mERRO[0m[2024-08-18T18:46:19+03:00]registeruser.go:46 github.com/Igrok95Ronin/todolist.drpetproject.ru-golang.git/internal/routes.(*handler).RegisterUser() Username alredy exists : UNIQUE constraint failed: users.username 
[31mERRO[0m[2024-08-18T18:46:24+03:00]registeruser.go:46 github.com/Igrok95Ronin/todolist.drpetproject.ru-golang.git/internal/routes.(*handler).RegisterUser() Username alredy exists : UNIQUE constraint failed: users.username 
[31mERRO[0m[2024-08-18T18:46:29+03:00]registeruser.go:46 github.com/Igrok95Ronin/todolist.drpetproject.ru-golang.git/internal/routes.(*handler).RegisterUser() Username alredy exists : UNIQUE constraint failed: users.username 
[31mERRO[0m[2024-08-18T18:46:41+03:00]registeruser.go:46 github.com/Igrok95Ronin/todolist.drpetproject.ru-golang.git/internal/routes.(*handler).RegisterUser() Username alredy exists : UNIQUE constraint failed: users.username 
[36mINFO[0m[2024-08-18T18:46:58+03:00]app.go:48 main.start() The server is running on port :8081          
[31mERRO[0m[2024-08-18T18:47:13+03:00]login.go:71 github.com/Igrok95Ronin/todolist.drpetproject.ru-golang.git/internal/routes.(*handler).login() Failed to generate token: key is of invalid type 
[36mINFO[0m[2024-08-18T18:47:42+03:00]app.go:48 main.start() The server is running on port :8081          
[36mINFO[0m[2024-08-18T18:50:22+03:00]app.go:48 main.start() The server is running on port :8081          
[31mERRO[0m[2024-08-18T18:50:36+03:00]login.go:51 github.com/Igrok95Ronin/todolist.drpetproject.ru-golang.git/internal/routes.(*handler).login() Invalid password: crypto/bcrypt: hashedPassword is not the hash of the given password 
[31mERRO[0m[2024-08-18T18:50:46+03:00]login.go:51 github.com/Igrok95Ronin/todolist.drpetproject.ru-golang.git/internal/routes.(*handler).login() Invalid password: crypto/bcrypt: hashedPassword is not the hash of the given password 
[36mINFO[0m[2024-08-18T19:05:10+03:00]app.go:48 main.start() The server is running on port :8081          
[36mINFO[0m[2024-08-19T09:31:09+03:00]app.go:48 main.start() The server is running on port :8081          
[36mINFO[0m[2024-08-19T09:32:16+03:00]app.go:48 main.start() The server is running on port :8081          
[31mERRO[0m[2024-08-19T09:32:26+03:00]createnote.go:35 github.com/Igrok95Ronin/todolist.drpetproject.ru-golang.git/internal/routes.(*handler).CreateNote() User not found: record not found             
[31mERRO[0m[2024-08-19T09:33:26+03:00]login.go:44 github.com/Igrok95Ronin/todolist.drpetproject.ru-golang.git/internal/routes.(*handler).Login() Invalid username: record not found           
[36mINFO[0m[2024-08-19T09:37:59+03:00]app.go:48 main.start() The server is running on port :8081          
[36mINFO[0m[2024-08-19T09:40:42+03:00]app.go:48 main.start() The server is running on port :8081          
[36mINFO[0m[2024-08-19T09:41:09+03:00]app.go:48 main.start() The server is running on port :8081          
[36mINFO[0m[2024-08-19T09:43:38+03:00]app.go:48 main.start() The server is running on port :8081          
[36mINFO[0m[2024-08-19T14:49:40+03:00]app.go:48 main.start() The server is running on port :8081          
[36mINFO[0m[2024-08-19T14:51:27+03:00]app.go:48 main.start() The server is running on port :8081          
[36mINFO[0m[2024-08-19T14:52:05+03:00]app.go:48 main.start() The server is running on port :8081          
